{
  "stats": {
    "suites": 1,
    "tests": 1,
    "passes": 1,
    "pending": 0,
    "failures": 0,
    "start": "2023-09-27T19:24:26.118Z",
    "end": "2023-09-27T19:24:32.125Z",
    "duration": 6007,
    "testsRegistered": 1,
    "passPercent": 100,
    "pendingPercent": 0,
    "other": 0,
    "hasOther": false,
    "skipped": 0,
    "hasSkipped": false
  },
  "results": [
    {
      "uuid": "2569352b-0588-49de-9095-fd49b303dac1",
      "title": "",
      "fullFile": "cypress/integration/klikniecie.js",
      "file": "cypress/integration/klikniecie.js",
      "beforeHooks": [],
      "afterHooks": [],
      "tests": [],
      "suites": [
        {
          "uuid": "80f1044e-f345-4b7b-910d-ae9b46e32e34",
          "title": "E2E - Akcje kliknięcia",
          "fullFile": "",
          "file": "",
          "beforeHooks": [],
          "afterHooks": [],
          "tests": [
            {
              "title": "Kliknięcie na element",
              "fullTitle": "E2E - Akcje kliknięcia Kliknięcie na element",
              "timedOut": null,
              "duration": 5979,
              "state": "passed",
              "speed": "medium",
              "pass": true,
              "fail": false,
              "pending": false,
              "context": null,
              "code": "cy.visit(\"/\");\ncy.get(\"#contact-link\").click();\ncy.contains('[title=\"Contact us\"]', 'Contact us').click();\ncy.get('[title=\"Return to Home\"]').click();",
              "err": {},
              "uuid": "33cfaf91-b56e-4a67-a3b3-aa299134c184",
              "parentUUID": "80f1044e-f345-4b7b-910d-ae9b46e32e34",
              "isHook": false,
              "skipped": false
            }
          ],
          "suites": [],
          "passes": [
            "33cfaf91-b56e-4a67-a3b3-aa299134c184"
          ],
          "failures": [],
          "pending": [],
          "skipped": [],
          "duration": 5979,
          "root": false,
          "rootEmpty": false,
          "_timeout": 2000
        }
      ],
      "passes": [],
      "failures": [],
      "pending": [],
      "skipped": [],
      "duration": 0,
      "root": true,
      "rootEmpty": true,
      "_timeout": 2000
    }
  ],
  "meta": {
    "mocha": {
      "version": "7.0.1"
    },
    "mochawesome": {
      "options": {
        "quiet": false,
        "reportFilename": "mochawesome",
        "saveHtml": false,
        "saveJson": true,
        "consoleReporter": "spec",
        "useInlineDiffs": false,
        "code": true
      },
      "version": "7.1.3"
    },
    "marge": {
      "options": {
        "id": "default",
        "reportDir": "cypress/results/mochawesome",
        "overwrite": false,
        "html": false,
        "json": true
      },
      "version": "6.2.0"
    }
  }
}