<?xml version="1.0" encoding="UTF-8"?>
<testsuites name="Mocha Tests" time="6.007" tests="1" failures="0">
  <testsuite name="Root Suite" timestamp="2023-09-27T19:24:26" tests="0" file="cypress/integration/klikniecie.js" time="0.000" failures="0">
  </testsuite>
  <testsuite name="E2E - Akcje kliknięcia" timestamp="2023-09-27T19:24:26" tests="1" time="5.989" failures="0">
    <testcase name="E2E - Akcje kliknięcia Kliknięcie na element" time="5.979" classname="Kliknięcie na element">
    </testcase>
  </testsuite>
</testsuites>